[14:48:15] [main/INFO] [GradleStart]: username: czechmate777
[14:48:15] [main/INFO] [GradleStart]: Extra: []
[14:48:15] [main/INFO] [GradleStart]: Password found, attempting login
[14:48:16] [main/ERROR] [GradleStart]: -- Login failed!  Invalid credentials. Invalid username or password.
[14:48:56] [main/INFO] [GradleStart]: username: czechmate777
[14:48:56] [main/INFO] [GradleStart]: Extra: []
[14:48:56] [main/INFO] [GradleStart]: Password found, attempting login
[14:48:58] [main/ERROR] [GradleStart]: -- Login failed!  Invalid credentials. Invalid username or password.
[14:50:04] [main/INFO] [GradleStart]: username: adamtm777@gmail.com
[14:50:04] [main/INFO] [GradleStart]: Extra: []
[14:50:04] [main/INFO] [GradleStart]: Password found, attempting login
[14:50:05] [main/INFO] [GradleStart]: Login Succesful!
[14:50:05] [main/INFO] [GradleStart]: Running with arguments: [--userProperties, [], --assetsDir, /Users/Adam/.gradle/caches/minecraft/assets, --assetIndex, 1.8, --userType, mojang, --accessToken, {REDACTED}, --version, 1.8, --uuid, 3632cbfb4f1c4b20873902a28dc9a674, --username, czechmate777, --tweakClass, net.minecraftforge.fml.common.launcher.FMLTweaker, --tweakClass, net.minecraftforge.gradle.tweakers.CoremodTweaker]
[14:50:05] [main/INFO] [LaunchWrapper]: Loading tweak class name net.minecraftforge.fml.common.launcher.FMLTweaker
[14:50:05] [main/INFO] [LaunchWrapper]: Using primary tweak class name net.minecraftforge.fml.common.launcher.FMLTweaker
[14:50:05] [main/INFO] [LaunchWrapper]: Loading tweak class name net.minecraftforge.gradle.tweakers.CoremodTweaker
[14:50:05] [main/INFO] [LaunchWrapper]: Calling tweak class net.minecraftforge.fml.common.launcher.FMLTweaker
[17:27:17] [main/INFO] [GradleStart]: username: adamtm777@gmail.com
[17:27:17] [main/INFO] [GradleStart]: Extra: []
[17:27:17] [main/INFO] [GradleStart]: Password found, attempting login
[17:27:18] [main/INFO] [GradleStart]: Login Succesful!
[17:27:18] [main/INFO] [GradleStart]: Running with arguments: [--userProperties, [], --assetsDir, /Users/Adam/.gradle/caches/minecraft/assets, --assetIndex, 1.8, --userType, mojang, --accessToken, {REDACTED}, --version, 1.8, --uuid, 3632cbfb4f1c4b20873902a28dc9a674, --username, czechmate777, --tweakClass, net.minecraftforge.fml.common.launcher.FMLTweaker, --tweakClass, net.minecraftforge.gradle.tweakers.CoremodTweaker]
[17:27:18] [main/INFO] [LaunchWrapper]: Loading tweak class name net.minecraftforge.fml.common.launcher.FMLTweaker
[17:27:18] [main/INFO] [LaunchWrapper]: Using primary tweak class name net.minecraftforge.fml.common.launcher.FMLTweaker
[17:27:18] [main/INFO] [LaunchWrapper]: Loading tweak class name net.minecraftforge.gradle.tweakers.CoremodTweaker
[17:27:18] [main/INFO] [LaunchWrapper]: Calling tweak class net.minecraftforge.fml.common.launcher.FMLTweaker
[17:28:41] [main/INFO] [GradleStart]: username: adamtm777@gmail.com
[17:28:41] [main/INFO] [GradleStart]: Extra: []
[17:28:41] [main/INFO] [GradleStart]: Password found, attempting login
[17:28:43] [main/INFO] [GradleStart]: Login Succesful!
[17:28:43] [main/INFO] [GradleStart]: Running with arguments: [--userProperties, [], --assetsDir, /Users/Adam/.gradle/caches/minecraft/assets, --assetIndex, 1.8, --userType, mojang, --accessToken, {REDACTED}, --version, 1.8, --uuid, 3632cbfb4f1c4b20873902a28dc9a674, --username, czechmate777, --tweakClass, net.minecraftforge.fml.common.launcher.FMLTweaker, --tweakClass, net.minecraftforge.gradle.tweakers.CoremodTweaker]
[17:28:43] [main/INFO] [LaunchWrapper]: Loading tweak class name net.minecraftforge.fml.common.launcher.FMLTweaker
[17:28:43] [main/INFO] [LaunchWrapper]: Using primary tweak class name net.minecraftforge.fml.common.launcher.FMLTweaker
[17:28:43] [main/INFO] [LaunchWrapper]: Loading tweak class name net.minecraftforge.gradle.tweakers.CoremodTweaker
[17:28:43] [main/INFO] [LaunchWrapper]: Calling tweak class net.minecraftforge.fml.common.launcher.FMLTweaker
[17:36:05] [main/INFO] [GradleStart]: username: adamtm777@gmail.com
[17:36:05] [main/INFO] [GradleStart]: Extra: []
[17:36:05] [main/INFO] [GradleStart]: Password found, attempting login
[17:36:06] [main/INFO] [GradleStart]: Login Succesful!
[17:36:06] [main/INFO] [GradleStart]: Running with arguments: [--userProperties, [], --assetsDir, /Users/Adam/.gradle/caches/minecraft/assets, --assetIndex, 1.8, --userType, mojang, --accessToken, {REDACTED}, --version, 1.8, --uuid, 3632cbfb4f1c4b20873902a28dc9a674, --username, czechmate777, --tweakClass, net.minecraftforge.fml.common.launcher.FMLTweaker, --tweakClass, net.minecraftforge.gradle.tweakers.CoremodTweaker]
[17:36:06] [main/INFO] [LaunchWrapper]: Loading tweak class name net.minecraftforge.fml.common.launcher.FMLTweaker
[17:36:06] [main/INFO] [LaunchWrapper]: Using primary tweak class name net.minecraftforge.fml.common.launcher.FMLTweaker
[17:36:06] [main/INFO] [LaunchWrapper]: Loading tweak class name net.minecraftforge.gradle.tweakers.CoremodTweaker
[17:36:06] [main/INFO] [LaunchWrapper]: Calling tweak class net.minecraftforge.fml.common.launcher.FMLTweaker
[18:03:36] [main/INFO] [GradleStart]: username: adamtm777@gmail.com
[18:03:36] [main/INFO] [GradleStart]: Extra: []
[18:03:36] [main/INFO] [GradleStart]: Password found, attempting login
[18:03:37] [main/INFO] [GradleStart]: Login Succesful!
[18:03:37] [main/INFO] [GradleStart]: Running with arguments: [--userProperties, [], --assetsDir, /Users/Adam/.gradle/caches/minecraft/assets, --assetIndex, 1.8, --userType, mojang, --accessToken, {REDACTED}, --version, 1.8, --uuid, 3632cbfb4f1c4b20873902a28dc9a674, --username, czechmate777, --tweakClass, net.minecraftforge.fml.common.launcher.FMLTweaker, --tweakClass, net.minecraftforge.gradle.tweakers.CoremodTweaker]
[18:03:37] [main/INFO] [LaunchWrapper]: Loading tweak class name net.minecraftforge.fml.common.launcher.FMLTweaker
[18:03:37] [main/INFO] [LaunchWrapper]: Using primary tweak class name net.minecraftforge.fml.common.launcher.FMLTweaker
[18:03:37] [main/INFO] [LaunchWrapper]: Loading tweak class name net.minecraftforge.gradle.tweakers.CoremodTweaker
[18:03:37] [main/INFO] [LaunchWrapper]: Calling tweak class net.minecraftforge.fml.common.launcher.FMLTweaker
[18:10:09] [main/INFO] [GradleStart]: username: adamtm777@gmail.com
[18:10:09] [main/INFO] [GradleStart]: Extra: []
[18:10:09] [main/INFO] [GradleStart]: Password found, attempting login
[18:10:10] [main/INFO] [GradleStart]: Login Succesful!
[18:10:10] [main/INFO] [GradleStart]: Running with arguments: [--userProperties, [], --assetsDir, /Users/Adam/.gradle/caches/minecraft/assets, --assetIndex, 1.8, --userType, mojang, --accessToken, {REDACTED}, --version, 1.8, --uuid, 3632cbfb4f1c4b20873902a28dc9a674, --username, czechmate777, --tweakClass, net.minecraftforge.fml.common.launcher.FMLTweaker, --tweakClass, net.minecraftforge.gradle.tweakers.CoremodTweaker]
[18:10:10] [main/INFO] [LaunchWrapper]: Loading tweak class name net.minecraftforge.fml.common.launcher.FMLTweaker
[18:10:10] [main/INFO] [LaunchWrapper]: Using primary tweak class name net.minecraftforge.fml.common.launcher.FMLTweaker
[18:10:10] [main/INFO] [LaunchWrapper]: Loading tweak class name net.minecraftforge.gradle.tweakers.CoremodTweaker
[18:10:10] [main/INFO] [LaunchWrapper]: Calling tweak class net.minecraftforge.fml.common.launcher.FMLTweaker
[09:39:56] [main/INFO] [GradleStart]: username: adamtm777@gmail.com
[09:39:56] [main/INFO] [GradleStart]: Extra: []
[09:39:56] [main/INFO] [GradleStart]: Password found, attempting login
[09:39:57] [main/INFO] [GradleStart]: Login Succesful!
[09:39:57] [main/INFO] [GradleStart]: Running with arguments: [--userProperties, [], --assetsDir, /Users/Adam/.gradle/caches/minecraft/assets, --assetIndex, 1.8, --userType, mojang, --accessToken, {REDACTED}, --version, 1.8, --uuid, 3632cbfb4f1c4b20873902a28dc9a674, --username, czechmate777, --tweakClass, net.minecraftforge.fml.common.launcher.FMLTweaker, --tweakClass, net.minecraftforge.gradle.tweakers.CoremodTweaker]
[09:39:57] [main/INFO] [LaunchWrapper]: Loading tweak class name net.minecraftforge.fml.common.launcher.FMLTweaker
[09:39:57] [main/INFO] [LaunchWrapper]: Using primary tweak class name net.minecraftforge.fml.common.launcher.FMLTweaker
[09:39:57] [main/INFO] [LaunchWrapper]: Loading tweak class name net.minecraftforge.gradle.tweakers.CoremodTweaker
[09:39:57] [main/INFO] [LaunchWrapper]: Calling tweak class net.minecraftforge.fml.common.launcher.FMLTweaker
[09:42:11] [main/INFO] [GradleStart]: username: adamtm777@gmail.com
[09:42:11] [main/INFO] [GradleStart]: Extra: []
[09:42:11] [main/INFO] [GradleStart]: Password found, attempting login
[09:42:13] [main/INFO] [GradleStart]: Login Succesful!
[09:42:13] [main/INFO] [GradleStart]: Running with arguments: [--userProperties, [], --assetsDir, /Users/Adam/.gradle/caches/minecraft/assets, --assetIndex, 1.8, --userType, mojang, --accessToken, {REDACTED}, --version, 1.8, --uuid, 3632cbfb4f1c4b20873902a28dc9a674, --username, czechmate777, --tweakClass, net.minecraftforge.fml.common.launcher.FMLTweaker, --tweakClass, net.minecraftforge.gradle.tweakers.CoremodTweaker]
[09:42:13] [main/INFO] [LaunchWrapper]: Loading tweak class name net.minecraftforge.fml.common.launcher.FMLTweaker
[09:42:13] [main/INFO] [LaunchWrapper]: Using primary tweak class name net.minecraftforge.fml.common.launcher.FMLTweaker
[09:42:13] [main/INFO] [LaunchWrapper]: Loading tweak class name net.minecraftforge.gradle.tweakers.CoremodTweaker
[09:42:13] [main/INFO] [LaunchWrapper]: Calling tweak class net.minecraftforge.fml.common.launcher.FMLTweaker
[10:03:53] [main/INFO] [GradleStart]: username: adamtm777@gmail.com
[10:03:53] [main/INFO] [GradleStart]: Extra: []
[10:03:53] [main/INFO] [GradleStart]: Password found, attempting login
[10:03:54] [main/INFO] [GradleStart]: Login Succesful!
[10:03:54] [main/INFO] [GradleStart]: Running with arguments: [--userProperties, [], --assetsDir, /Users/Adam/.gradle/caches/minecraft/assets, --assetIndex, 1.8, --userType, mojang, --accessToken, {REDACTED}, --version, 1.8, --uuid, 3632cbfb4f1c4b20873902a28dc9a674, --username, czechmate777, --tweakClass, net.minecraftforge.fml.common.launcher.FMLTweaker, --tweakClass, net.minecraftforge.gradle.tweakers.CoremodTweaker]
[10:03:54] [main/INFO] [LaunchWrapper]: Loading tweak class name net.minecraftforge.fml.common.launcher.FMLTweaker
[10:03:54] [main/INFO] [LaunchWrapper]: Using primary tweak class name net.minecraftforge.fml.common.launcher.FMLTweaker
[10:03:54] [main/INFO] [LaunchWrapper]: Loading tweak class name net.minecraftforge.gradle.tweakers.CoremodTweaker
[10:03:54] [main/INFO] [LaunchWrapper]: Calling tweak class net.minecraftforge.fml.common.launcher.FMLTweaker
[10:06:12] [main/INFO] [GradleStart]: username: adamtm777@gmail.com
[10:06:12] [main/INFO] [GradleStart]: Extra: []
[10:06:12] [main/INFO] [GradleStart]: Password found, attempting login
[10:06:14] [main/INFO] [GradleStart]: Login Succesful!
[10:06:14] [main/INFO] [GradleStart]: Running with arguments: [--userProperties, [], --assetsDir, /Users/Adam/.gradle/caches/minecraft/assets, --assetIndex, 1.8, --userType, mojang, --accessToken, {REDACTED}, --version, 1.8, --uuid, 3632cbfb4f1c4b20873902a28dc9a674, --username, czechmate777, --tweakClass, net.minecraftforge.fml.common.launcher.FMLTweaker, --tweakClass, net.minecraftforge.gradle.tweakers.CoremodTweaker]
[10:06:14] [main/INFO] [LaunchWrapper]: Loading tweak class name net.minecraftforge.fml.common.launcher.FMLTweaker
[10:06:14] [main/INFO] [LaunchWrapper]: Using primary tweak class name net.minecraftforge.fml.common.launcher.FMLTweaker
[10:06:14] [main/INFO] [LaunchWrapper]: Loading tweak class name net.minecraftforge.gradle.tweakers.CoremodTweaker
[10:06:14] [main/INFO] [LaunchWrapper]: Calling tweak class net.minecraftforge.fml.common.launcher.FMLTweaker
[10:11:17] [main/INFO] [GradleStart]: username: adamtm777@gmail.com
[10:11:17] [main/INFO] [GradleStart]: Extra: []
[10:11:17] [main/INFO] [GradleStart]: Password found, attempting login
[10:11:18] [main/INFO] [GradleStart]: Login Succesful!
[10:11:19] [main/INFO] [GradleStart]: Running with arguments: [--userProperties, [], --assetsDir, /Users/Adam/.gradle/caches/minecraft/assets, --assetIndex, 1.8, --userType, mojang, --accessToken, {REDACTED}, --version, 1.8, --uuid, 3632cbfb4f1c4b20873902a28dc9a674, --username, czechmate777, --tweakClass, net.minecraftforge.fml.common.launcher.FMLTweaker, --tweakClass, net.minecraftforge.gradle.tweakers.CoremodTweaker]
[10:11:19] [main/INFO] [LaunchWrapper]: Loading tweak class name net.minecraftforge.fml.common.launcher.FMLTweaker
[10:11:19] [main/INFO] [LaunchWrapper]: Using primary tweak class name net.minecraftforge.fml.common.launcher.FMLTweaker
[10:11:19] [main/INFO] [LaunchWrapper]: Loading tweak class name net.minecraftforge.gradle.tweakers.CoremodTweaker
[10:11:19] [main/INFO] [LaunchWrapper]: Calling tweak class net.minecraftforge.fml.common.launcher.FMLTweaker
[10:39:29] [main/INFO] [GradleStart]: username: adamtm777@gmail.com
[10:39:29] [main/INFO] [GradleStart]: Extra: []
[10:39:29] [main/INFO] [GradleStart]: Password found, attempting login
[10:39:31] [main/INFO] [GradleStart]: Login Succesful!
[10:39:31] [main/INFO] [GradleStart]: Running with arguments: [--userProperties, [], --assetsDir, /Users/Adam/.gradle/caches/minecraft/assets, --assetIndex, 1.8, --userType, mojang, --accessToken, {REDACTED}, --version, 1.8, --uuid, 3632cbfb4f1c4b20873902a28dc9a674, --username, czechmate777, --tweakClass, net.minecraftforge.fml.common.launcher.FMLTweaker, --tweakClass, net.minecraftforge.gradle.tweakers.CoremodTweaker]
[10:39:31] [main/INFO] [LaunchWrapper]: Loading tweak class name net.minecraftforge.fml.common.launcher.FMLTweaker
[10:39:31] [main/INFO] [LaunchWrapper]: Using primary tweak class name net.minecraftforge.fml.common.launcher.FMLTweaker
[10:39:31] [main/INFO] [LaunchWrapper]: Loading tweak class name net.minecraftforge.gradle.tweakers.CoremodTweaker
[10:39:31] [main/INFO] [LaunchWrapper]: Calling tweak class net.minecraftforge.fml.common.launcher.FMLTweaker
[11:01:47] [main/INFO] [GradleStart]: username: adamtm777@gmail.com
[11:01:47] [main/INFO] [GradleStart]: Extra: []
[11:01:47] [main/INFO] [GradleStart]: Password found, attempting login
[11:01:48] [main/INFO] [GradleStart]: Login Succesful!
[11:01:48] [main/INFO] [GradleStart]: Running with arguments: [--userProperties, [], --assetsDir, /Users/Adam/.gradle/caches/minecraft/assets, --assetIndex, 1.8, --userType, mojang, --accessToken, {REDACTED}, --version, 1.8, --uuid, 3632cbfb4f1c4b20873902a28dc9a674, --username, czechmate777, --tweakClass, net.minecraftforge.fml.common.launcher.FMLTweaker, --tweakClass, net.minecraftforge.gradle.tweakers.CoremodTweaker]
[11:01:48] [main/INFO] [LaunchWrapper]: Loading tweak class name net.minecraftforge.fml.common.launcher.FMLTweaker
[11:01:48] [main/INFO] [LaunchWrapper]: Using primary tweak class name net.minecraftforge.fml.common.launcher.FMLTweaker
[11:01:48] [main/INFO] [LaunchWrapper]: Loading tweak class name net.minecraftforge.gradle.tweakers.CoremodTweaker
[11:01:48] [main/INFO] [LaunchWrapper]: Calling tweak class net.minecraftforge.fml.common.launcher.FMLTweaker
[11:16:12] [main/INFO] [GradleStart]: username: adamtm777@gmail.com
[11:16:12] [main/INFO] [GradleStart]: Extra: []
[11:16:12] [main/INFO] [GradleStart]: Password found, attempting login
[11:16:14] [main/INFO] [GradleStart]: Login Succesful!
[11:16:14] [main/INFO] [GradleStart]: Running with arguments: [--userProperties, [], --assetsDir, /Users/Adam/.gradle/caches/minecraft/assets, --assetIndex, 1.8, --userType, mojang, --accessToken, {REDACTED}, --version, 1.8, --uuid, 3632cbfb4f1c4b20873902a28dc9a674, --username, czechmate777, --tweakClass, net.minecraftforge.fml.common.launcher.FMLTweaker, --tweakClass, net.minecraftforge.gradle.tweakers.CoremodTweaker]
[11:16:14] [main/INFO] [LaunchWrapper]: Loading tweak class name net.minecraftforge.fml.common.launcher.FMLTweaker
[11:16:14] [main/INFO] [LaunchWrapper]: Using primary tweak class name net.minecraftforge.fml.common.launcher.FMLTweaker
[11:16:14] [main/INFO] [LaunchWrapper]: Loading tweak class name net.minecraftforge.gradle.tweakers.CoremodTweaker
[11:16:14] [main/INFO] [LaunchWrapper]: Calling tweak class net.minecraftforge.fml.common.launcher.FMLTweaker
[13:31:03] [main/INFO] [GradleStart]: username: adamtm777@gmail.com
[13:31:03] [main/INFO] [GradleStart]: Extra: []
[13:31:03] [main/INFO] [GradleStart]: Password found, attempting login
[13:31:04] [main/INFO] [GradleStart]: Login Succesful!
[13:31:04] [main/INFO] [GradleStart]: Running with arguments: [--userProperties, [], --assetsDir, /Users/Adam/.gradle/caches/minecraft/assets, --assetIndex, 1.8, --userType, mojang, --accessToken, {REDACTED}, --version, 1.8, --uuid, 3632cbfb4f1c4b20873902a28dc9a674, --username, czechmate777, --tweakClass, net.minecraftforge.fml.common.launcher.FMLTweaker, --tweakClass, net.minecraftforge.gradle.tweakers.CoremodTweaker]
[13:31:04] [main/INFO] [LaunchWrapper]: Loading tweak class name net.minecraftforge.fml.common.launcher.FMLTweaker
[13:31:04] [main/INFO] [LaunchWrapper]: Using primary tweak class name net.minecraftforge.fml.common.launcher.FMLTweaker
[13:31:04] [main/INFO] [LaunchWrapper]: Loading tweak class name net.minecraftforge.gradle.tweakers.CoremodTweaker
[13:31:04] [main/INFO] [LaunchWrapper]: Calling tweak class net.minecraftforge.fml.common.launcher.FMLTweaker
[13:35:37] [main/INFO] [GradleStart]: username: adamtm777@gmail.com
[13:35:37] [main/INFO] [GradleStart]: Extra: []
[13:35:37] [main/INFO] [GradleStart]: Password found, attempting login
[13:35:39] [main/INFO] [GradleStart]: Login Succesful!
[13:35:39] [main/INFO] [GradleStart]: Running with arguments: [--userProperties, [], --assetsDir, /Users/Adam/.gradle/caches/minecraft/assets, --assetIndex, 1.8, --userType, mojang, --accessToken, {REDACTED}, --version, 1.8, --uuid, 3632cbfb4f1c4b20873902a28dc9a674, --username, czechmate777, --tweakClass, net.minecraftforge.fml.common.launcher.FMLTweaker, --tweakClass, net.minecraftforge.gradle.tweakers.CoremodTweaker]
[13:35:39] [main/INFO] [LaunchWrapper]: Loading tweak class name net.minecraftforge.fml.common.launcher.FMLTweaker
[13:35:39] [main/INFO] [LaunchWrapper]: Using primary tweak class name net.minecraftforge.fml.common.launcher.FMLTweaker
[13:35:39] [main/INFO] [LaunchWrapper]: Loading tweak class name net.minecraftforge.gradle.tweakers.CoremodTweaker
[13:35:39] [main/INFO] [LaunchWrapper]: Calling tweak class net.minecraftforge.fml.common.launcher.FMLTweaker
[14:02:38] [main/INFO] [GradleStart]: username: adamtm777@gmail.com
[14:02:38] [main/INFO] [GradleStart]: Extra: []
[14:02:38] [main/INFO] [GradleStart]: Password found, attempting login
[14:02:39] [main/INFO] [GradleStart]: Login Succesful!
[14:02:39] [main/INFO] [GradleStart]: Running with arguments: [--userProperties, [], --assetsDir, /Users/Adam/.gradle/caches/minecraft/assets, --assetIndex, 1.8, --userType, mojang, --accessToken, {REDACTED}, --version, 1.8, --uuid, 3632cbfb4f1c4b20873902a28dc9a674, --username, czechmate777, --tweakClass, net.minecraftforge.fml.common.launcher.FMLTweaker, --tweakClass, net.minecraftforge.gradle.tweakers.CoremodTweaker]
[14:02:39] [main/INFO] [LaunchWrapper]: Loading tweak class name net.minecraftforge.fml.common.launcher.FMLTweaker
[14:02:39] [main/INFO] [LaunchWrapper]: Using primary tweak class name net.minecraftforge.fml.common.launcher.FMLTweaker
[14:02:39] [main/INFO] [LaunchWrapper]: Loading tweak class name net.minecraftforge.gradle.tweakers.CoremodTweaker
[14:02:39] [main/INFO] [LaunchWrapper]: Calling tweak class net.minecraftforge.fml.common.launcher.FMLTweaker
[14:05:00] [main/INFO] [GradleStart]: username: adamtm777@gmail.com
[14:05:00] [main/INFO] [GradleStart]: Extra: []
[14:05:00] [main/INFO] [GradleStart]: Password found, attempting login
[14:05:01] [main/INFO] [GradleStart]: Login Succesful!
[14:05:01] [main/INFO] [GradleStart]: Running with arguments: [--userProperties, [], --assetsDir, /Users/Adam/.gradle/caches/minecraft/assets, --assetIndex, 1.8, --userType, mojang, --accessToken, {REDACTED}, --version, 1.8, --uuid, 3632cbfb4f1c4b20873902a28dc9a674, --username, czechmate777, --tweakClass, net.minecraftforge.fml.common.launcher.FMLTweaker, --tweakClass, net.minecraftforge.gradle.tweakers.CoremodTweaker]
[14:05:01] [main/INFO] [LaunchWrapper]: Loading tweak class name net.minecraftforge.fml.common.launcher.FMLTweaker
[14:05:01] [main/INFO] [LaunchWrapper]: Using primary tweak class name net.minecraftforge.fml.common.launcher.FMLTweaker
[14:05:01] [main/INFO] [LaunchWrapper]: Loading tweak class name net.minecraftforge.gradle.tweakers.CoremodTweaker
[14:05:01] [main/INFO] [LaunchWrapper]: Calling tweak class net.minecraftforge.fml.common.launcher.FMLTweaker
[14:18:31] [main/INFO] [GradleStart]: username: adamtm777@gmail.com
[14:18:31] [main/INFO] [GradleStart]: Extra: []
[14:18:31] [main/INFO] [GradleStart]: Password found, attempting login
[14:18:32] [main/INFO] [GradleStart]: Login Succesful!
[14:18:32] [main/INFO] [GradleStart]: Running with arguments: [--userProperties, [], --assetsDir, /Users/Adam/.gradle/caches/minecraft/assets, --assetIndex, 1.8, --userType, mojang, --accessToken, {REDACTED}, --version, 1.8, --uuid, 3632cbfb4f1c4b20873902a28dc9a674, --username, czechmate777, --tweakClass, net.minecraftforge.fml.common.launcher.FMLTweaker, --tweakClass, net.minecraftforge.gradle.tweakers.CoremodTweaker]
[14:18:32] [main/INFO] [LaunchWrapper]: Loading tweak class name net.minecraftforge.fml.common.launcher.FMLTweaker
[14:18:33] [main/INFO] [LaunchWrapper]: Using primary tweak class name net.minecraftforge.fml.common.launcher.FMLTweaker
[14:18:33] [main/INFO] [LaunchWrapper]: Loading tweak class name net.minecraftforge.gradle.tweakers.CoremodTweaker
[14:18:33] [main/INFO] [LaunchWrapper]: Calling tweak class net.minecraftforge.fml.common.launcher.FMLTweaker
[14:22:25] [main/INFO] [GradleStart]: username: adamtm777@gmail.com
[14:22:25] [main/INFO] [GradleStart]: Extra: []
[14:22:25] [main/INFO] [GradleStart]: Password found, attempting login
[14:22:26] [main/INFO] [GradleStart]: Login Succesful!
[14:22:26] [main/INFO] [GradleStart]: Running with arguments: [--userProperties, [], --assetsDir, /Users/Adam/.gradle/caches/minecraft/assets, --assetIndex, 1.8, --userType, mojang, --accessToken, {REDACTED}, --version, 1.8, --uuid, 3632cbfb4f1c4b20873902a28dc9a674, --username, czechmate777, --tweakClass, net.minecraftforge.fml.common.launcher.FMLTweaker, --tweakClass, net.minecraftforge.gradle.tweakers.CoremodTweaker]
[14:22:26] [main/INFO] [LaunchWrapper]: Loading tweak class name net.minecraftforge.fml.common.launcher.FMLTweaker
[14:22:26] [main/INFO] [LaunchWrapper]: Using primary tweak class name net.minecraftforge.fml.common.launcher.FMLTweaker
[14:22:26] [main/INFO] [LaunchWrapper]: Loading tweak class name net.minecraftforge.gradle.tweakers.CoremodTweaker
[14:22:26] [main/INFO] [LaunchWrapper]: Calling tweak class net.minecraftforge.fml.common.launcher.FMLTweaker
[14:34:20] [main/INFO] [GradleStart]: username: adamtm777@gmail.com
[14:34:20] [main/INFO] [GradleStart]: Extra: []
[14:34:20] [main/INFO] [GradleStart]: Password found, attempting login
[14:34:22] [main/INFO] [GradleStart]: Login Succesful!
[14:34:22] [main/INFO] [GradleStart]: Running with arguments: [--userProperties, [], --assetsDir, /Users/Adam/.gradle/caches/minecraft/assets, --assetIndex, 1.8, --userType, mojang, --accessToken, {REDACTED}, --version, 1.8, --uuid, 3632cbfb4f1c4b20873902a28dc9a674, --username, czechmate777, --tweakClass, net.minecraftforge.fml.common.launcher.FMLTweaker, --tweakClass, net.minecraftforge.gradle.tweakers.CoremodTweaker]
[14:34:22] [main/INFO] [LaunchWrapper]: Loading tweak class name net.minecraftforge.fml.common.launcher.FMLTweaker
[14:34:22] [main/INFO] [LaunchWrapper]: Using primary tweak class name net.minecraftforge.fml.common.launcher.FMLTweaker
[14:34:22] [main/INFO] [LaunchWrapper]: Loading tweak class name net.minecraftforge.gradle.tweakers.CoremodTweaker
[14:34:22] [main/INFO] [LaunchWrapper]: Calling tweak class net.minecraftforge.fml.common.launcher.FMLTweaker
[14:38:29] [main/INFO] [GradleStart]: username: adamtm777@gmail.com
[14:38:29] [main/INFO] [GradleStart]: Extra: []
[14:38:29] [main/INFO] [GradleStart]: Password found, attempting login
[14:38:31] [main/INFO] [GradleStart]: Login Succesful!
[14:38:31] [main/INFO] [GradleStart]: Running with arguments: [--userProperties, [], --assetsDir, /Users/Adam/.gradle/caches/minecraft/assets, --assetIndex, 1.8, --userType, mojang, --accessToken, {REDACTED}, --version, 1.8, --uuid, 3632cbfb4f1c4b20873902a28dc9a674, --username, czechmate777, --tweakClass, net.minecraftforge.fml.common.launcher.FMLTweaker, --tweakClass, net.minecraftforge.gradle.tweakers.CoremodTweaker]
[14:38:31] [main/INFO] [LaunchWrapper]: Loading tweak class name net.minecraftforge.fml.common.launcher.FMLTweaker
[14:38:31] [main/INFO] [LaunchWrapper]: Using primary tweak class name net.minecraftforge.fml.common.launcher.FMLTweaker
[14:38:31] [main/INFO] [LaunchWrapper]: Loading tweak class name net.minecraftforge.gradle.tweakers.CoremodTweaker
[14:38:31] [main/INFO] [LaunchWrapper]: Calling tweak class net.minecraftforge.fml.common.launcher.FMLTweaker
[14:42:37] [main/INFO] [GradleStart]: username: adamtm777@gmail.com
[14:42:37] [main/INFO] [GradleStart]: Extra: []
[14:42:37] [main/INFO] [GradleStart]: Password found, attempting login
[14:42:39] [main/INFO] [GradleStart]: Login Succesful!
[14:42:39] [main/INFO] [GradleStart]: Running with arguments: [--userProperties, [], --assetsDir, /Users/Adam/.gradle/caches/minecraft/assets, --assetIndex, 1.8, --userType, mojang, --accessToken, {REDACTED}, --version, 1.8, --uuid, 3632cbfb4f1c4b20873902a28dc9a674, --username, czechmate777, --tweakClass, net.minecraftforge.fml.common.launcher.FMLTweaker, --tweakClass, net.minecraftforge.gradle.tweakers.CoremodTweaker]
[14:42:39] [main/INFO] [LaunchWrapper]: Loading tweak class name net.minecraftforge.fml.common.launcher.FMLTweaker
[14:42:39] [main/INFO] [LaunchWrapper]: Using primary tweak class name net.minecraftforge.fml.common.launcher.FMLTweaker
[14:42:39] [main/INFO] [LaunchWrapper]: Loading tweak class name net.minecraftforge.gradle.tweakers.CoremodTweaker
[14:42:39] [main/INFO] [LaunchWrapper]: Calling tweak class net.minecraftforge.fml.common.launcher.FMLTweaker
[14:44:20] [main/INFO] [GradleStart]: username: adamtm777@gmail.com
[14:44:20] [main/INFO] [GradleStart]: Extra: []
[14:44:20] [main/INFO] [GradleStart]: Password found, attempting login
[14:44:21] [main/INFO] [GradleStart]: Login Succesful!
[14:44:22] [main/INFO] [GradleStart]: Running with arguments: [--userProperties, [], --assetsDir, /Users/Adam/.gradle/caches/minecraft/assets, --assetIndex, 1.8, --userType, mojang, --accessToken, {REDACTED}, --version, 1.8, --uuid, 3632cbfb4f1c4b20873902a28dc9a674, --username, czechmate777, --tweakClass, net.minecraftforge.fml.common.launcher.FMLTweaker, --tweakClass, net.minecraftforge.gradle.tweakers.CoremodTweaker]
[14:44:22] [main/INFO] [LaunchWrapper]: Loading tweak class name net.minecraftforge.fml.common.launcher.FMLTweaker
[14:44:22] [main/INFO] [LaunchWrapper]: Using primary tweak class name net.minecraftforge.fml.common.launcher.FMLTweaker
[14:44:22] [main/INFO] [LaunchWrapper]: Loading tweak class name net.minecraftforge.gradle.tweakers.CoremodTweaker
[14:44:22] [main/INFO] [LaunchWrapper]: Calling tweak class net.minecraftforge.fml.common.launcher.FMLTweaker
[16:05:26] [main/INFO] [GradleStart]: username: adamtm777@gmail.com
[16:05:26] [main/INFO] [GradleStart]: Extra: []
[16:05:26] [main/INFO] [GradleStart]: Password found, attempting login
[16:05:27] [main/INFO] [GradleStart]: Login Succesful!
[16:05:27] [main/INFO] [GradleStart]: Running with arguments: [--userProperties, [], --assetsDir, /Users/Adam/.gradle/caches/minecraft/assets, --assetIndex, 1.8, --userType, mojang, --accessToken, {REDACTED}, --version, 1.8, --uuid, 3632cbfb4f1c4b20873902a28dc9a674, --username, czechmate777, --tweakClass, net.minecraftforge.fml.common.launcher.FMLTweaker, --tweakClass, net.minecraftforge.gradle.tweakers.CoremodTweaker]
[16:05:27] [main/INFO] [LaunchWrapper]: Loading tweak class name net.minecraftforge.fml.common.launcher.FMLTweaker
[16:05:27] [main/INFO] [LaunchWrapper]: Using primary tweak class name net.minecraftforge.fml.common.launcher.FMLTweaker
[16:05:27] [main/INFO] [LaunchWrapper]: Loading tweak class name net.minecraftforge.gradle.tweakers.CoremodTweaker
[16:05:27] [main/INFO] [LaunchWrapper]: Calling tweak class net.minecraftforge.fml.common.launcher.FMLTweaker
[16:10:26] [main/INFO] [GradleStart]: username: adamtm777@gmail.com
[16:10:26] [main/INFO] [GradleStart]: Extra: []
[16:10:26] [main/INFO] [GradleStart]: Password found, attempting login
[16:10:27] [main/INFO] [GradleStart]: Login Succesful!
[16:10:27] [main/INFO] [GradleStart]: Running with arguments: [--userProperties, [], --assetsDir, /Users/Adam/.gradle/caches/minecraft/assets, --assetIndex, 1.8, --userType, mojang, --accessToken, {REDACTED}, --version, 1.8, --uuid, 3632cbfb4f1c4b20873902a28dc9a674, --username, czechmate777, --tweakClass, net.minecraftforge.fml.common.launcher.FMLTweaker, --tweakClass, net.minecraftforge.gradle.tweakers.CoremodTweaker]
[16:10:28] [main/INFO] [LaunchWrapper]: Loading tweak class name net.minecraftforge.fml.common.launcher.FMLTweaker
[16:10:28] [main/INFO] [LaunchWrapper]: Using primary tweak class name net.minecraftforge.fml.common.launcher.FMLTweaker
[16:10:28] [main/INFO] [LaunchWrapper]: Loading tweak class name net.minecraftforge.gradle.tweakers.CoremodTweaker
[16:10:28] [main/INFO] [LaunchWrapper]: Calling tweak class net.minecraftforge.fml.common.launcher.FMLTweaker
[16:13:02] [main/INFO] [GradleStart]: username: adamtm777@gmail.com
[16:13:02] [main/INFO] [GradleStart]: Extra: []
[16:13:02] [main/INFO] [GradleStart]: Password found, attempting login
[16:13:04] [main/INFO] [GradleStart]: Login Succesful!
[16:13:04] [main/INFO] [GradleStart]: Running with arguments: [--userProperties, [], --assetsDir, /Users/Adam/.gradle/caches/minecraft/assets, --assetIndex, 1.8, --userType, mojang, --accessToken, {REDACTED}, --version, 1.8, --uuid, 3632cbfb4f1c4b20873902a28dc9a674, --username, czechmate777, --tweakClass, net.minecraftforge.fml.common.launcher.FMLTweaker, --tweakClass, net.minecraftforge.gradle.tweakers.CoremodTweaker]
[16:13:04] [main/INFO] [LaunchWrapper]: Loading tweak class name net.minecraftforge.fml.common.launcher.FMLTweaker
[16:13:04] [main/INFO] [LaunchWrapper]: Using primary tweak class name net.minecraftforge.fml.common.launcher.FMLTweaker
[16:13:04] [main/INFO] [LaunchWrapper]: Loading tweak class name net.minecraftforge.gradle.tweakers.CoremodTweaker
[16:13:04] [main/INFO] [LaunchWrapper]: Calling tweak class net.minecraftforge.fml.common.launcher.FMLTweaker
[16:27:07] [main/INFO] [GradleStart]: username: adamtm777@gmail.com
[16:27:07] [main/INFO] [GradleStart]: Extra: []
[16:27:07] [main/INFO] [GradleStart]: Password found, attempting login
[16:27:08] [main/INFO] [GradleStart]: Login Succesful!
[16:27:08] [main/INFO] [GradleStart]: Running with arguments: [--userProperties, [], --assetsDir, /Users/Adam/.gradle/caches/minecraft/assets, --assetIndex, 1.8, --userType, mojang, --accessToken, {REDACTED}, --version, 1.8, --uuid, 3632cbfb4f1c4b20873902a28dc9a674, --username, czechmate777, --tweakClass, net.minecraftforge.fml.common.launcher.FMLTweaker, --tweakClass, net.minecraftforge.gradle.tweakers.CoremodTweaker]
[16:27:08] [main/INFO] [LaunchWrapper]: Loading tweak class name net.minecraftforge.fml.common.launcher.FMLTweaker
[16:27:08] [main/INFO] [LaunchWrapper]: Using primary tweak class name net.minecraftforge.fml.common.launcher.FMLTweaker
[16:27:08] [main/INFO] [LaunchWrapper]: Loading tweak class name net.minecraftforge.gradle.tweakers.CoremodTweaker
[16:27:08] [main/INFO] [LaunchWrapper]: Calling tweak class net.minecraftforge.fml.common.launcher.FMLTweaker
[17:02:50] [main/INFO] [GradleStart]: username: adamtm777@gmail.com
[17:02:50] [main/INFO] [GradleStart]: Extra: []
[17:02:50] [main/INFO] [GradleStart]: Password found, attempting login
[17:02:51] [main/INFO] [GradleStart]: Login Succesful!
[17:02:51] [main/INFO] [GradleStart]: Running with arguments: [--userProperties, [], --assetsDir, /Users/Adam/.gradle/caches/minecraft/assets, --assetIndex, 1.8, --userType, mojang, --accessToken, {REDACTED}, --version, 1.8, --uuid, 3632cbfb4f1c4b20873902a28dc9a674, --username, czechmate777, --tweakClass, net.minecraftforge.fml.common.launcher.FMLTweaker, --tweakClass, net.minecraftforge.gradle.tweakers.CoremodTweaker]
[17:02:51] [main/INFO] [LaunchWrapper]: Loading tweak class name net.minecraftforge.fml.common.launcher.FMLTweaker
[17:02:51] [main/INFO] [LaunchWrapper]: Using primary tweak class name net.minecraftforge.fml.common.launcher.FMLTweaker
[17:02:51] [main/INFO] [LaunchWrapper]: Loading tweak class name net.minecraftforge.gradle.tweakers.CoremodTweaker
[17:02:51] [main/INFO] [LaunchWrapper]: Calling tweak class net.minecraftforge.fml.common.launcher.FMLTweaker
[17:09:58] [main/INFO] [GradleStart]: username: adamtm777@gmail.com
[17:09:58] [main/INFO] [GradleStart]: Extra: []
[17:09:58] [main/INFO] [GradleStart]: Password found, attempting login
[17:09:59] [main/INFO] [GradleStart]: Login Succesful!
[17:09:59] [main/INFO] [GradleStart]: Running with arguments: [--userProperties, [], --assetsDir, /Users/Adam/.gradle/caches/minecraft/assets, --assetIndex, 1.8, --userType, mojang, --accessToken, {REDACTED}, --version, 1.8, --uuid, 3632cbfb4f1c4b20873902a28dc9a674, --username, czechmate777, --tweakClass, net.minecraftforge.fml.common.launcher.FMLTweaker, --tweakClass, net.minecraftforge.gradle.tweakers.CoremodTweaker]
[17:09:59] [main/INFO] [LaunchWrapper]: Loading tweak class name net.minecraftforge.fml.common.launcher.FMLTweaker
[17:09:59] [main/INFO] [LaunchWrapper]: Using primary tweak class name net.minecraftforge.fml.common.launcher.FMLTweaker
[17:09:59] [main/INFO] [LaunchWrapper]: Loading tweak class name net.minecraftforge.gradle.tweakers.CoremodTweaker
[17:09:59] [main/INFO] [LaunchWrapper]: Calling tweak class net.minecraftforge.fml.common.launcher.FMLTweaker
[17:15:23] [main/INFO] [GradleStart]: username: adamtm777@gmail.com
[17:15:23] [main/INFO] [GradleStart]: Extra: []
[17:15:23] [main/INFO] [GradleStart]: Password found, attempting login
[17:15:24] [main/INFO] [GradleStart]: Login Succesful!
[17:15:24] [main/INFO] [GradleStart]: Running with arguments: [--userProperties, [], --assetsDir, /Users/Adam/.gradle/caches/minecraft/assets, --assetIndex, 1.8, --userType, mojang, --accessToken, {REDACTED}, --version, 1.8, --uuid, 3632cbfb4f1c4b20873902a28dc9a674, --username, czechmate777, --tweakClass, net.minecraftforge.fml.common.launcher.FMLTweaker, --tweakClass, net.minecraftforge.gradle.tweakers.CoremodTweaker]
[17:15:24] [main/INFO] [LaunchWrapper]: Loading tweak class name net.minecraftforge.fml.common.launcher.FMLTweaker
[17:15:24] [main/INFO] [LaunchWrapper]: Using primary tweak class name net.minecraftforge.fml.common.launcher.FMLTweaker
[17:15:24] [main/INFO] [LaunchWrapper]: Loading tweak class name net.minecraftforge.gradle.tweakers.CoremodTweaker
[17:15:24] [main/INFO] [LaunchWrapper]: Calling tweak class net.minecraftforge.fml.common.launcher.FMLTweaker
[17:20:37] [main/INFO] [GradleStart]: username: adamtm777@gmail.com
[17:20:37] [main/INFO] [GradleStart]: Extra: []
[17:20:37] [main/INFO] [GradleStart]: Password found, attempting login
[17:20:38] [main/INFO] [GradleStart]: Login Succesful!
[17:20:38] [main/INFO] [GradleStart]: Running with arguments: [--userProperties, [], --assetsDir, /Users/Adam/.gradle/caches/minecraft/assets, --assetIndex, 1.8, --userType, mojang, --accessToken, {REDACTED}, --version, 1.8, --uuid, 3632cbfb4f1c4b20873902a28dc9a674, --username, czechmate777, --tweakClass, net.minecraftforge.fml.common.launcher.FMLTweaker, --tweakClass, net.minecraftforge.gradle.tweakers.CoremodTweaker]
[17:20:38] [main/INFO] [LaunchWrapper]: Loading tweak class name net.minecraftforge.fml.common.launcher.FMLTweaker
[17:20:38] [main/INFO] [LaunchWrapper]: Using primary tweak class name net.minecraftforge.fml.common.launcher.FMLTweaker
[17:20:38] [main/INFO] [LaunchWrapper]: Loading tweak class name net.minecraftforge.gradle.tweakers.CoremodTweaker
[17:20:38] [main/INFO] [LaunchWrapper]: Calling tweak class net.minecraftforge.fml.common.launcher.FMLTweaker
[20:02:34] [main/INFO] [GradleStart]: username: adamtm777@gmail.com
[20:02:34] [main/INFO] [GradleStart]: Extra: []
[20:02:34] [main/INFO] [GradleStart]: Password found, attempting login
[20:02:35] [main/INFO] [GradleStart]: Login Succesful!
[20:02:36] [main/INFO] [GradleStart]: Running with arguments: [--userProperties, [], --assetsDir, /Users/Adam/.gradle/caches/minecraft/assets, --assetIndex, 1.8, --userType, mojang, --accessToken, {REDACTED}, --version, 1.8, --uuid, 3632cbfb4f1c4b20873902a28dc9a674, --username, czechmate777, --tweakClass, net.minecraftforge.fml.common.launcher.FMLTweaker, --tweakClass, net.minecraftforge.gradle.tweakers.CoremodTweaker]
[20:02:36] [main/INFO] [LaunchWrapper]: Loading tweak class name net.minecraftforge.fml.common.launcher.FMLTweaker
[20:02:36] [main/INFO] [LaunchWrapper]: Using primary tweak class name net.minecraftforge.fml.common.launcher.FMLTweaker
[20:02:36] [main/INFO] [LaunchWrapper]: Loading tweak class name net.minecraftforge.gradle.tweakers.CoremodTweaker
[20:02:36] [main/INFO] [LaunchWrapper]: Calling tweak class net.minecraftforge.fml.common.launcher.FMLTweaker
[20:14:42] [main/INFO] [GradleStart]: username: adamtm777@gmail.com
[20:14:42] [main/INFO] [GradleStart]: Extra: []
[20:14:42] [main/INFO] [GradleStart]: Password found, attempting login
[20:14:43] [main/INFO] [GradleStart]: Login Succesful!
[20:14:43] [main/INFO] [GradleStart]: Running with arguments: [--userProperties, [], --assetsDir, /Users/Adam/.gradle/caches/minecraft/assets, --assetIndex, 1.8, --userType, mojang, --accessToken, {REDACTED}, --version, 1.8, --uuid, 3632cbfb4f1c4b20873902a28dc9a674, --username, czechmate777, --tweakClass, net.minecraftforge.fml.common.launcher.FMLTweaker, --tweakClass, net.minecraftforge.gradle.tweakers.CoremodTweaker]
[20:14:43] [main/INFO] [LaunchWrapper]: Loading tweak class name net.minecraftforge.fml.common.launcher.FMLTweaker
[20:14:43] [main/INFO] [LaunchWrapper]: Using primary tweak class name net.minecraftforge.fml.common.launcher.FMLTweaker
[20:14:43] [main/INFO] [LaunchWrapper]: Loading tweak class name net.minecraftforge.gradle.tweakers.CoremodTweaker
[20:14:43] [main/INFO] [LaunchWrapper]: Calling tweak class net.minecraftforge.fml.common.launcher.FMLTweaker
[20:17:50] [main/INFO] [GradleStart]: username: adamtm777@gmail.com
[20:17:50] [main/INFO] [GradleStart]: Extra: []
[20:17:50] [main/INFO] [GradleStart]: Password found, attempting login
[20:17:52] [main/INFO] [GradleStart]: Login Succesful!
[20:17:52] [main/INFO] [GradleStart]: Running with arguments: [--userProperties, [], --assetsDir, /Users/Adam/.gradle/caches/minecraft/assets, --assetIndex, 1.8, --userType, mojang, --accessToken, {REDACTED}, --version, 1.8, --uuid, 3632cbfb4f1c4b20873902a28dc9a674, --username, czechmate777, --tweakClass, net.minecraftforge.fml.common.launcher.FMLTweaker, --tweakClass, net.minecraftforge.gradle.tweakers.CoremodTweaker]
[20:17:52] [main/INFO] [LaunchWrapper]: Loading tweak class name net.minecraftforge.fml.common.launcher.FMLTweaker
[20:17:52] [main/INFO] [LaunchWrapper]: Using primary tweak class name net.minecraftforge.fml.common.launcher.FMLTweaker
[20:17:52] [main/INFO] [LaunchWrapper]: Loading tweak class name net.minecraftforge.gradle.tweakers.CoremodTweaker
[20:17:52] [main/INFO] [LaunchWrapper]: Calling tweak class net.minecraftforge.fml.common.launcher.FMLTweaker
[20:18:53] [main/INFO] [GradleStart]: username: adamtm777@gmail.com
[20:18:53] [main/INFO] [GradleStart]: Extra: []
[20:18:53] [main/INFO] [GradleStart]: Password found, attempting login
[20:18:54] [main/INFO] [GradleStart]: Login Succesful!
[20:18:54] [main/INFO] [GradleStart]: Running with arguments: [--userProperties, [], --assetsDir, /Users/Adam/.gradle/caches/minecraft/assets, --assetIndex, 1.8, --userType, mojang, --accessToken, {REDACTED}, --version, 1.8, --uuid, 3632cbfb4f1c4b20873902a28dc9a674, --username, czechmate777, --tweakClass, net.minecraftforge.fml.common.launcher.FMLTweaker, --tweakClass, net.minecraftforge.gradle.tweakers.CoremodTweaker]
[20:18:54] [main/INFO] [LaunchWrapper]: Loading tweak class name net.minecraftforge.fml.common.launcher.FMLTweaker
[20:18:54] [main/INFO] [LaunchWrapper]: Using primary tweak class name net.minecraftforge.fml.common.launcher.FMLTweaker
[20:18:54] [main/INFO] [LaunchWrapper]: Loading tweak class name net.minecraftforge.gradle.tweakers.CoremodTweaker
[20:18:54] [main/INFO] [LaunchWrapper]: Calling tweak class net.minecraftforge.fml.common.launcher.FMLTweaker
[20:39:18] [main/INFO] [GradleStart]: username: adamtm777@gmail.com
[20:39:18] [main/INFO] [GradleStart]: Extra: []
[20:39:18] [main/INFO] [GradleStart]: Password found, attempting login
[20:39:19] [main/INFO] [GradleStart]: Login Succesful!
[20:39:19] [main/INFO] [GradleStart]: Running with arguments: [--userProperties, [], --assetsDir, /Users/Adam/.gradle/caches/minecraft/assets, --assetIndex, 1.8, --userType, mojang, --accessToken, {REDACTED}, --version, 1.8, --uuid, 3632cbfb4f1c4b20873902a28dc9a674, --username, czechmate777, --tweakClass, net.minecraftforge.fml.common.launcher.FMLTweaker, --tweakClass, net.minecraftforge.gradle.tweakers.CoremodTweaker]
[20:39:19] [main/INFO] [LaunchWrapper]: Loading tweak class name net.minecraftforge.fml.common.launcher.FMLTweaker
[20:39:19] [main/INFO] [LaunchWrapper]: Using primary tweak class name net.minecraftforge.fml.common.launcher.FMLTweaker
[20:39:19] [main/INFO] [LaunchWrapper]: Loading tweak class name net.minecraftforge.gradle.tweakers.CoremodTweaker
[20:39:19] [main/INFO] [LaunchWrapper]: Calling tweak class net.minecraftforge.fml.common.launcher.FMLTweaker
[20:47:01] [main/INFO] [GradleStart]: username: adamtm777@gmail.com
[20:47:01] [main/INFO] [GradleStart]: Extra: []
[20:47:01] [main/INFO] [GradleStart]: Password found, attempting login
[20:47:03] [main/INFO] [GradleStart]: Login Succesful!
[20:47:03] [main/INFO] [GradleStart]: Running with arguments: [--userProperties, [], --assetsDir, /Users/Adam/.gradle/caches/minecraft/assets, --assetIndex, 1.8, --userType, mojang, --accessToken, {REDACTED}, --version, 1.8, --uuid, 3632cbfb4f1c4b20873902a28dc9a674, --username, czechmate777, --tweakClass, net.minecraftforge.fml.common.launcher.FMLTweaker, --tweakClass, net.minecraftforge.gradle.tweakers.CoremodTweaker]
[20:47:03] [main/INFO] [LaunchWrapper]: Loading tweak class name net.minecraftforge.fml.common.launcher.FMLTweaker
[20:47:03] [main/INFO] [LaunchWrapper]: Using primary tweak class name net.minecraftforge.fml.common.launcher.FMLTweaker
[20:47:03] [main/INFO] [LaunchWrapper]: Loading tweak class name net.minecraftforge.gradle.tweakers.CoremodTweaker
[20:47:03] [main/INFO] [LaunchWrapper]: Calling tweak class net.minecraftforge.fml.common.launcher.FMLTweaker
[20:56:59] [main/INFO] [GradleStart]: username: adamtm777@gmail.com
[20:56:59] [main/INFO] [GradleStart]: Extra: []
[20:56:59] [main/INFO] [GradleStart]: Password found, attempting login
[20:57:00] [main/INFO] [GradleStart]: Login Succesful!
[20:57:00] [main/INFO] [GradleStart]: Running with arguments: [--userProperties, [], --assetsDir, /Users/Adam/.gradle/caches/minecraft/assets, --assetIndex, 1.8, --userType, mojang, --accessToken, {REDACTED}, --version, 1.8, --uuid, 3632cbfb4f1c4b20873902a28dc9a674, --username, czechmate777, --tweakClass, net.minecraftforge.fml.common.launcher.FMLTweaker, --tweakClass, net.minecraftforge.gradle.tweakers.CoremodTweaker]
[20:57:00] [main/INFO] [LaunchWrapper]: Loading tweak class name net.minecraftforge.fml.common.launcher.FMLTweaker
[20:57:00] [main/INFO] [LaunchWrapper]: Using primary tweak class name net.minecraftforge.fml.common.launcher.FMLTweaker
[20:57:00] [main/INFO] [LaunchWrapper]: Loading tweak class name net.minecraftforge.gradle.tweakers.CoremodTweaker
[20:57:00] [main/INFO] [LaunchWrapper]: Calling tweak class net.minecraftforge.fml.common.launcher.FMLTweaker
[20:59:52] [main/INFO] [GradleStart]: username: adamtm777@gmail.com
[20:59:52] [main/INFO] [GradleStart]: Extra: []
[20:59:52] [main/INFO] [GradleStart]: Password found, attempting login
[20:59:54] [main/INFO] [GradleStart]: Login Succesful!
[20:59:54] [main/INFO] [GradleStart]: Running with arguments: [--userProperties, [], --assetsDir, /Users/Adam/.gradle/caches/minecraft/assets, --assetIndex, 1.8, --userType, mojang, --accessToken, {REDACTED}, --version, 1.8, --uuid, 3632cbfb4f1c4b20873902a28dc9a674, --username, czechmate777, --tweakClass, net.minecraftforge.fml.common.launcher.FMLTweaker, --tweakClass, net.minecraftforge.gradle.tweakers.CoremodTweaker]
[20:59:54] [main/INFO] [LaunchWrapper]: Loading tweak class name net.minecraftforge.fml.common.launcher.FMLTweaker
[20:59:54] [main/INFO] [LaunchWrapper]: Using primary tweak class name net.minecraftforge.fml.common.launcher.FMLTweaker
[20:59:54] [main/INFO] [LaunchWrapper]: Loading tweak class name net.minecraftforge.gradle.tweakers.CoremodTweaker
[20:59:54] [main/INFO] [LaunchWrapper]: Calling tweak class net.minecraftforge.fml.common.launcher.FMLTweaker
[21:01:01] [main/INFO] [GradleStart]: username: adamtm777@gmail.com
[21:01:01] [main/INFO] [GradleStart]: Extra: []
[21:01:01] [main/INFO] [GradleStart]: Password found, attempting login
[21:01:02] [main/INFO] [GradleStart]: Login Succesful!
[21:01:02] [main/INFO] [GradleStart]: Running with arguments: [--userProperties, [], --assetsDir, /Users/Adam/.gradle/caches/minecraft/assets, --assetIndex, 1.8, --userType, mojang, --accessToken, {REDACTED}, --version, 1.8, --uuid, 3632cbfb4f1c4b20873902a28dc9a674, --username, czechmate777, --tweakClass, net.minecraftforge.fml.common.launcher.FMLTweaker, --tweakClass, net.minecraftforge.gradle.tweakers.CoremodTweaker]
[21:01:02] [main/INFO] [LaunchWrapper]: Loading tweak class name net.minecraftforge.fml.common.launcher.FMLTweaker
[21:01:02] [main/INFO] [LaunchWrapper]: Using primary tweak class name net.minecraftforge.fml.common.launcher.FMLTweaker
[21:01:02] [main/INFO] [LaunchWrapper]: Loading tweak class name net.minecraftforge.gradle.tweakers.CoremodTweaker
[21:01:02] [main/INFO] [LaunchWrapper]: Calling tweak class net.minecraftforge.fml.common.launcher.FMLTweaker
[21:03:14] [main/INFO] [GradleStart]: username: adamtm777@gmail.com
[21:03:14] [main/INFO] [GradleStart]: Extra: []
[21:03:14] [main/INFO] [GradleStart]: Password found, attempting login
[21:03:16] [main/INFO] [GradleStart]: Login Succesful!
[21:03:16] [main/INFO] [GradleStart]: Running with arguments: [--userProperties, [], --assetsDir, /Users/Adam/.gradle/caches/minecraft/assets, --assetIndex, 1.8, --userType, mojang, --accessToken, {REDACTED}, --version, 1.8, --uuid, 3632cbfb4f1c4b20873902a28dc9a674, --username, czechmate777, --tweakClass, net.minecraftforge.fml.common.launcher.FMLTweaker, --tweakClass, net.minecraftforge.gradle.tweakers.CoremodTweaker]
[21:03:16] [main/INFO] [LaunchWrapper]: Loading tweak class name net.minecraftforge.fml.common.launcher.FMLTweaker
[21:03:16] [main/INFO] [LaunchWrapper]: Using primary tweak class name net.minecraftforge.fml.common.launcher.FMLTweaker
[21:03:16] [main/INFO] [LaunchWrapper]: Loading tweak class name net.minecraftforge.gradle.tweakers.CoremodTweaker
[21:03:16] [main/INFO] [LaunchWrapper]: Calling tweak class net.minecraftforge.fml.common.launcher.FMLTweaker
[21:08:33] [main/INFO] [GradleStart]: username: adamtm777@gmail.com
[21:08:33] [main/INFO] [GradleStart]: Extra: []
[21:08:33] [main/INFO] [GradleStart]: Password found, attempting login
[21:08:34] [main/INFO] [GradleStart]: Login Succesful!
[21:08:34] [main/INFO] [GradleStart]: Running with arguments: [--userProperties, [], --assetsDir, /Users/Adam/.gradle/caches/minecraft/assets, --assetIndex, 1.8, --userType, mojang, --accessToken, {REDACTED}, --version, 1.8, --uuid, 3632cbfb4f1c4b20873902a28dc9a674, --username, czechmate777, --tweakClass, net.minecraftforge.fml.common.launcher.FMLTweaker, --tweakClass, net.minecraftforge.gradle.tweakers.CoremodTweaker]
[21:08:34] [main/INFO] [LaunchWrapper]: Loading tweak class name net.minecraftforge.fml.common.launcher.FMLTweaker
[21:08:34] [main/INFO] [LaunchWrapper]: Using primary tweak class name net.minecraftforge.fml.common.launcher.FMLTweaker
[21:08:34] [main/INFO] [LaunchWrapper]: Loading tweak class name net.minecraftforge.gradle.tweakers.CoremodTweaker
[21:08:34] [main/INFO] [LaunchWrapper]: Calling tweak class net.minecraftforge.fml.common.launcher.FMLTweaker
[21:17:35] [main/INFO] [GradleStart]: username: adamtm777@gmail.com
[21:17:35] [main/INFO] [GradleStart]: Extra: []
[21:17:35] [main/INFO] [GradleStart]: Password found, attempting login
[21:17:36] [main/INFO] [GradleStart]: Login Succesful!
[21:17:36] [main/INFO] [GradleStart]: Running with arguments: [--userProperties, [], --assetsDir, /Users/Adam/.gradle/caches/minecraft/assets, --assetIndex, 1.8, --userType, mojang, --accessToken, {REDACTED}, --version, 1.8, --uuid, 3632cbfb4f1c4b20873902a28dc9a674, --username, czechmate777, --tweakClass, net.minecraftforge.fml.common.launcher.FMLTweaker, --tweakClass, net.minecraftforge.gradle.tweakers.CoremodTweaker]
[21:17:36] [main/INFO] [LaunchWrapper]: Loading tweak class name net.minecraftforge.fml.common.launcher.FMLTweaker
[21:17:36] [main/INFO] [LaunchWrapper]: Using primary tweak class name net.minecraftforge.fml.common.launcher.FMLTweaker
[21:17:36] [main/INFO] [LaunchWrapper]: Loading tweak class name net.minecraftforge.gradle.tweakers.CoremodTweaker
[21:17:36] [main/INFO] [LaunchWrapper]: Calling tweak class net.minecraftforge.fml.common.launcher.FMLTweaker
[21:31:51] [main/INFO] [GradleStart]: username: adamtm777@gmail.com
[21:31:51] [main/INFO] [GradleStart]: Extra: []
[21:31:51] [main/INFO] [GradleStart]: Password found, attempting login
[21:31:52] [main/INFO] [GradleStart]: Login Succesful!
[21:31:52] [main/INFO] [GradleStart]: Running with arguments: [--userProperties, [], --assetsDir, /Users/Adam/.gradle/caches/minecraft/assets, --assetIndex, 1.8, --userType, mojang, --accessToken, {REDACTED}, --version, 1.8, --uuid, 3632cbfb4f1c4b20873902a28dc9a674, --username, czechmate777, --tweakClass, net.minecraftforge.fml.common.launcher.FMLTweaker, --tweakClass, net.minecraftforge.gradle.tweakers.CoremodTweaker]
[21:31:52] [main/INFO] [LaunchWrapper]: Loading tweak class name net.minecraftforge.fml.common.launcher.FMLTweaker
[21:31:52] [main/INFO] [LaunchWrapper]: Using primary tweak class name net.minecraftforge.fml.common.launcher.FMLTweaker
[21:31:52] [main/INFO] [LaunchWrapper]: Loading tweak class name net.minecraftforge.gradle.tweakers.CoremodTweaker
[21:31:52] [main/INFO] [LaunchWrapper]: Calling tweak class net.minecraftforge.fml.common.launcher.FMLTweaker
[21:34:33] [main/INFO] [GradleStart]: username: adamtm777@gmail.com
[21:34:33] [main/INFO] [GradleStart]: Extra: []
[21:34:33] [main/INFO] [GradleStart]: Password found, attempting login
[21:34:35] [main/INFO] [GradleStart]: Login Succesful!
[21:34:35] [main/INFO] [GradleStart]: Running with arguments: [--userProperties, [], --assetsDir, /Users/Adam/.gradle/caches/minecraft/assets, --assetIndex, 1.8, --userType, mojang, --accessToken, {REDACTED}, --version, 1.8, --uuid, 3632cbfb4f1c4b20873902a28dc9a674, --username, czechmate777, --tweakClass, net.minecraftforge.fml.common.launcher.FMLTweaker, --tweakClass, net.minecraftforge.gradle.tweakers.CoremodTweaker]
[21:34:35] [main/INFO] [LaunchWrapper]: Loading tweak class name net.minecraftforge.fml.common.launcher.FMLTweaker
[21:34:35] [main/INFO] [LaunchWrapper]: Using primary tweak class name net.minecraftforge.fml.common.launcher.FMLTweaker
[21:34:35] [main/INFO] [LaunchWrapper]: Loading tweak class name net.minecraftforge.gradle.tweakers.CoremodTweaker
[21:34:35] [main/INFO] [LaunchWrapper]: Calling tweak class net.minecraftforge.fml.common.launcher.FMLTweaker
[21:49:52] [main/INFO] [GradleStart]: username: adamtm777@gmail.com
[21:49:52] [main/INFO] [GradleStart]: Extra: []
[21:49:52] [main/INFO] [GradleStart]: Password found, attempting login
[21:49:53] [main/INFO] [GradleStart]: Login Succesful!
[21:49:53] [main/INFO] [GradleStart]: Running with arguments: [--userProperties, [], --assetsDir, /Users/Adam/.gradle/caches/minecraft/assets, --assetIndex, 1.8, --userType, mojang, --accessToken, {REDACTED}, --version, 1.8, --uuid, 3632cbfb4f1c4b20873902a28dc9a674, --username, czechmate777, --tweakClass, net.minecraftforge.fml.common.launcher.FMLTweaker, --tweakClass, net.minecraftforge.gradle.tweakers.CoremodTweaker]
[21:49:53] [main/INFO] [LaunchWrapper]: Loading tweak class name net.minecraftforge.fml.common.launcher.FMLTweaker
[21:49:53] [main/INFO] [LaunchWrapper]: Using primary tweak class name net.minecraftforge.fml.common.launcher.FMLTweaker
[21:49:53] [main/INFO] [LaunchWrapper]: Loading tweak class name net.minecraftforge.gradle.tweakers.CoremodTweaker
[21:49:53] [main/INFO] [LaunchWrapper]: Calling tweak class net.minecraftforge.fml.common.launcher.FMLTweaker
[21:51:03] [main/INFO] [GradleStart]: username: adamtm777@gmail.com
[21:51:03] [main/INFO] [GradleStart]: Extra: []
[21:51:03] [main/INFO] [GradleStart]: Password found, attempting login
[21:51:04] [main/INFO] [GradleStart]: Login Succesful!
[21:51:04] [main/INFO] [GradleStart]: Running with arguments: [--userProperties, [], --assetsDir, /Users/Adam/.gradle/caches/minecraft/assets, --assetIndex, 1.8, --userType, mojang, --accessToken, {REDACTED}, --version, 1.8, --uuid, 3632cbfb4f1c4b20873902a28dc9a674, --username, czechmate777, --tweakClass, net.minecraftforge.fml.common.launcher.FMLTweaker, --tweakClass, net.minecraftforge.gradle.tweakers.CoremodTweaker]
[21:51:04] [main/INFO] [LaunchWrapper]: Loading tweak class name net.minecraftforge.fml.common.launcher.FMLTweaker
[21:51:04] [main/INFO] [LaunchWrapper]: Using primary tweak class name net.minecraftforge.fml.common.launcher.FMLTweaker
[21:51:04] [main/INFO] [LaunchWrapper]: Loading tweak class name net.minecraftforge.gradle.tweakers.CoremodTweaker
[21:51:04] [main/INFO] [LaunchWrapper]: Calling tweak class net.minecraftforge.fml.common.launcher.FMLTweaker
[21:57:32] [main/INFO] [GradleStart]: username: adamtm777@gmail.com
[21:57:32] [main/INFO] [GradleStart]: Extra: []
[21:57:32] [main/INFO] [GradleStart]: Password found, attempting login
[21:57:33] [main/INFO] [GradleStart]: Login Succesful!
[21:57:33] [main/INFO] [GradleStart]: Running with arguments: [--userProperties, [], --assetsDir, /Users/Adam/.gradle/caches/minecraft/assets, --assetIndex, 1.8, --userType, mojang, --accessToken, {REDACTED}, --version, 1.8, --uuid, 3632cbfb4f1c4b20873902a28dc9a674, --username, czechmate777, --tweakClass, net.minecraftforge.fml.common.launcher.FMLTweaker, --tweakClass, net.minecraftforge.gradle.tweakers.CoremodTweaker]
[21:57:33] [main/INFO] [LaunchWrapper]: Loading tweak class name net.minecraftforge.fml.common.launcher.FMLTweaker
[21:57:33] [main/INFO] [LaunchWrapper]: Using primary tweak class name net.minecraftforge.fml.common.launcher.FMLTweaker
[21:57:33] [main/INFO] [LaunchWrapper]: Loading tweak class name net.minecraftforge.gradle.tweakers.CoremodTweaker
[21:57:33] [main/INFO] [LaunchWrapper]: Calling tweak class net.minecraftforge.fml.common.launcher.FMLTweaker
[22:10:58] [main/INFO] [GradleStart]: username: adamtm777@gmail.com
[22:10:58] [main/INFO] [GradleStart]: Extra: []
[22:10:58] [main/INFO] [GradleStart]: Password found, attempting login
[22:10:59] [main/INFO] [GradleStart]: Login Succesful!
[22:10:59] [main/INFO] [GradleStart]: Running with arguments: [--userProperties, [], --assetsDir, /Users/Adam/.gradle/caches/minecraft/assets, --assetIndex, 1.8, --userType, mojang, --accessToken, {REDACTED}, --version, 1.8, --uuid, 3632cbfb4f1c4b20873902a28dc9a674, --username, czechmate777, --tweakClass, net.minecraftforge.fml.common.launcher.FMLTweaker, --tweakClass, net.minecraftforge.gradle.tweakers.CoremodTweaker]
[22:10:59] [main/INFO] [LaunchWrapper]: Loading tweak class name net.minecraftforge.fml.common.launcher.FMLTweaker
[22:10:59] [main/INFO] [LaunchWrapper]: Using primary tweak class name net.minecraftforge.fml.common.launcher.FMLTweaker
[22:10:59] [main/INFO] [LaunchWrapper]: Loading tweak class name net.minecraftforge.gradle.tweakers.CoremodTweaker
[22:10:59] [main/INFO] [LaunchWrapper]: Calling tweak class net.minecraftforge.fml.common.launcher.FMLTweaker
[22:18:53] [main/INFO] [GradleStart]: username: adamtm777@gmail.com
[22:18:53] [main/INFO] [GradleStart]: Extra: []
[22:18:53] [main/INFO] [GradleStart]: Password found, attempting login
[22:18:54] [main/INFO] [GradleStart]: Login Succesful!
[22:18:54] [main/INFO] [GradleStart]: Running with arguments: [--userProperties, [], --assetsDir, /Users/Adam/.gradle/caches/minecraft/assets, --assetIndex, 1.8, --userType, mojang, --accessToken, {REDACTED}, --version, 1.8, --uuid, 3632cbfb4f1c4b20873902a28dc9a674, --username, czechmate777, --tweakClass, net.minecraftforge.fml.common.launcher.FMLTweaker, --tweakClass, net.minecraftforge.gradle.tweakers.CoremodTweaker]
[22:18:54] [main/INFO] [LaunchWrapper]: Loading tweak class name net.minecraftforge.fml.common.launcher.FMLTweaker
[22:18:54] [main/INFO] [LaunchWrapper]: Using primary tweak class name net.minecraftforge.fml.common.launcher.FMLTweaker
[22:18:54] [main/INFO] [LaunchWrapper]: Loading tweak class name net.minecraftforge.gradle.tweakers.CoremodTweaker
[22:18:54] [main/INFO] [LaunchWrapper]: Calling tweak class net.minecraftforge.fml.common.launcher.FMLTweaker
[22:37:09] [main/INFO] [GradleStart]: username: adamtm777@gmail.com
[22:37:09] [main/INFO] [GradleStart]: Extra: []
[22:37:09] [main/INFO] [GradleStart]: Password found, attempting login
[22:37:10] [main/INFO] [GradleStart]: Login Succesful!
[22:37:11] [main/INFO] [GradleStart]: Running with arguments: [--userProperties, [], --assetsDir, /Users/Adam/.gradle/caches/minecraft/assets, --assetIndex, 1.8, --userType, mojang, --accessToken, {REDACTED}, --version, 1.8, --uuid, 3632cbfb4f1c4b20873902a28dc9a674, --username, czechmate777, --tweakClass, net.minecraftforge.fml.common.launcher.FMLTweaker, --tweakClass, net.minecraftforge.gradle.tweakers.CoremodTweaker]
[22:37:11] [main/INFO] [LaunchWrapper]: Loading tweak class name net.minecraftforge.fml.common.launcher.FMLTweaker
[22:37:11] [main/INFO] [LaunchWrapper]: Using primary tweak class name net.minecraftforge.fml.common.launcher.FMLTweaker
[22:37:11] [main/INFO] [LaunchWrapper]: Loading tweak class name net.minecraftforge.gradle.tweakers.CoremodTweaker
[22:37:11] [main/INFO] [LaunchWrapper]: Calling tweak class net.minecraftforge.fml.common.launcher.FMLTweaker
[22:48:16] [main/INFO] [GradleStart]: username: adamtm777@gmail.com
[22:48:16] [main/INFO] [GradleStart]: Extra: []
[22:48:16] [main/INFO] [GradleStart]: Password found, attempting login
[22:48:18] [main/INFO] [GradleStart]: Login Succesful!
[22:48:18] [main/INFO] [GradleStart]: Running with arguments: [--userProperties, [], --assetsDir, /Users/Adam/.gradle/caches/minecraft/assets, --assetIndex, 1.8, --userType, mojang, --accessToken, {REDACTED}, --version, 1.8, --uuid, 3632cbfb4f1c4b20873902a28dc9a674, --username, czechmate777, --tweakClass, net.minecraftforge.fml.common.launcher.FMLTweaker, --tweakClass, net.minecraftforge.gradle.tweakers.CoremodTweaker]
[22:48:18] [main/INFO] [LaunchWrapper]: Loading tweak class name net.minecraftforge.fml.common.launcher.FMLTweaker
[22:48:18] [main/INFO] [LaunchWrapper]: Using primary tweak class name net.minecraftforge.fml.common.launcher.FMLTweaker
[22:48:18] [main/INFO] [LaunchWrapper]: Loading tweak class name net.minecraftforge.gradle.tweakers.CoremodTweaker
[22:48:18] [main/INFO] [LaunchWrapper]: Calling tweak class net.minecraftforge.fml.common.launcher.FMLTweaker
[22:52:14] [main/INFO] [GradleStart]: username: adamtm777@gmail.com
[22:52:14] [main/INFO] [GradleStart]: Extra: []
[22:52:14] [main/INFO] [GradleStart]: Password found, attempting login
[22:52:16] [main/INFO] [GradleStart]: Login Succesful!
[22:52:16] [main/INFO] [GradleStart]: Running with arguments: [--userProperties, [], --assetsDir, /Users/Adam/.gradle/caches/minecraft/assets, --assetIndex, 1.8, --userType, mojang, --accessToken, {REDACTED}, --version, 1.8, --uuid, 3632cbfb4f1c4b20873902a28dc9a674, --username, czechmate777, --tweakClass, net.minecraftforge.fml.common.launcher.FMLTweaker, --tweakClass, net.minecraftforge.gradle.tweakers.CoremodTweaker]
[22:52:16] [main/INFO] [LaunchWrapper]: Loading tweak class name net.minecraftforge.fml.common.launcher.FMLTweaker
[22:52:16] [main/INFO] [LaunchWrapper]: Using primary tweak class name net.minecraftforge.fml.common.launcher.FMLTweaker
[22:52:16] [main/INFO] [LaunchWrapper]: Loading tweak class name net.minecraftforge.gradle.tweakers.CoremodTweaker
[22:52:16] [main/INFO] [LaunchWrapper]: Calling tweak class net.minecraftforge.fml.common.launcher.FMLTweaker
[22:54:41] [main/INFO] [GradleStart]: username: adamtm777@gmail.com
[22:54:41] [main/INFO] [GradleStart]: Extra: []
[22:54:41] [main/INFO] [GradleStart]: Password found, attempting login
[22:54:42] [main/INFO] [GradleStart]: Login Succesful!
[22:54:42] [main/INFO] [GradleStart]: Running with arguments: [--userProperties, [], --assetsDir, /Users/Adam/.gradle/caches/minecraft/assets, --assetIndex, 1.8, --userType, mojang, --accessToken, {REDACTED}, --version, 1.8, --uuid, 3632cbfb4f1c4b20873902a28dc9a674, --username, czechmate777, --tweakClass, net.minecraftforge.fml.common.launcher.FMLTweaker, --tweakClass, net.minecraftforge.gradle.tweakers.CoremodTweaker]
[22:54:42] [main/INFO] [LaunchWrapper]: Loading tweak class name net.minecraftforge.fml.common.launcher.FMLTweaker
[22:54:42] [main/INFO] [LaunchWrapper]: Using primary tweak class name net.minecraftforge.fml.common.launcher.FMLTweaker
[22:54:42] [main/INFO] [LaunchWrapper]: Loading tweak class name net.minecraftforge.gradle.tweakers.CoremodTweaker
[22:54:42] [main/INFO] [LaunchWrapper]: Calling tweak class net.minecraftforge.fml.common.launcher.FMLTweaker
[10:02:31] [main/INFO] [GradleStart]: username: adamtm777@gmail.com
[10:02:31] [main/INFO] [GradleStart]: Extra: []
[10:02:31] [main/INFO] [GradleStart]: Password found, attempting login
[10:02:32] [main/INFO] [GradleStart]: Login Succesful!
[10:02:32] [main/INFO] [GradleStart]: Running with arguments: [--userProperties, [], --assetsDir, /Users/Adam/.gradle/caches/minecraft/assets, --assetIndex, 1.8, --userType, mojang, --accessToken, {REDACTED}, --version, 1.8, --uuid, 3632cbfb4f1c4b20873902a28dc9a674, --username, czechmate777, --tweakClass, net.minecraftforge.fml.common.launcher.FMLTweaker, --tweakClass, net.minecraftforge.gradle.tweakers.CoremodTweaker]
[10:02:32] [main/INFO] [LaunchWrapper]: Loading tweak class name net.minecraftforge.fml.common.launcher.FMLTweaker
[10:02:32] [main/INFO] [LaunchWrapper]: Using primary tweak class name net.minecraftforge.fml.common.launcher.FMLTweaker
[10:02:32] [main/INFO] [LaunchWrapper]: Loading tweak class name net.minecraftforge.gradle.tweakers.CoremodTweaker
[10:02:32] [main/INFO] [LaunchWrapper]: Calling tweak class net.minecraftforge.fml.common.launcher.FMLTweaker
[10:03:24] [main/INFO] [GradleStart]: username: adamtm777@gmail.com
[10:03:24] [main/INFO] [GradleStart]: Extra: []
[10:03:24] [main/INFO] [GradleStart]: Password found, attempting login
[10:03:25] [main/INFO] [GradleStart]: Login Succesful!
[10:03:25] [main/INFO] [GradleStart]: Running with arguments: [--userProperties, [], --assetsDir, /Users/Adam/.gradle/caches/minecraft/assets, --assetIndex, 1.8, --userType, mojang, --accessToken, {REDACTED}, --version, 1.8, --uuid, 3632cbfb4f1c4b20873902a28dc9a674, --username, czechmate777, --tweakClass, net.minecraftforge.fml.common.launcher.FMLTweaker, --tweakClass, net.minecraftforge.gradle.tweakers.CoremodTweaker]
[10:03:25] [main/INFO] [LaunchWrapper]: Loading tweak class name net.minecraftforge.fml.common.launcher.FMLTweaker
[10:03:25] [main/INFO] [LaunchWrapper]: Using primary tweak class name net.minecraftforge.fml.common.launcher.FMLTweaker
[10:03:25] [main/INFO] [LaunchWrapper]: Loading tweak class name net.minecraftforge.gradle.tweakers.CoremodTweaker
[10:03:25] [main/INFO] [LaunchWrapper]: Calling tweak class net.minecraftforge.fml.common.launcher.FMLTweaker
[10:05:27] [main/INFO] [GradleStart]: username: adamtm777@gmail.com
[10:05:27] [main/INFO] [GradleStart]: Extra: []
[10:05:27] [main/INFO] [GradleStart]: Password found, attempting login
[10:05:28] [main/INFO] [GradleStart]: Login Succesful!
[10:05:28] [main/INFO] [GradleStart]: Running with arguments: [--userProperties, [], --assetsDir, /Users/Adam/.gradle/caches/minecraft/assets, --assetIndex, 1.8, --userType, mojang, --accessToken, {REDACTED}, --version, 1.8, --uuid, 3632cbfb4f1c4b20873902a28dc9a674, --username, czechmate777, --tweakClass, net.minecraftforge.fml.common.launcher.FMLTweaker, --tweakClass, net.minecraftforge.gradle.tweakers.CoremodTweaker]
[10:05:28] [main/INFO] [LaunchWrapper]: Loading tweak class name net.minecraftforge.fml.common.launcher.FMLTweaker
[10:05:28] [main/INFO] [LaunchWrapper]: Using primary tweak class name net.minecraftforge.fml.common.launcher.FMLTweaker
[10:05:28] [main/INFO] [LaunchWrapper]: Loading tweak class name net.minecraftforge.gradle.tweakers.CoremodTweaker
[10:05:28] [main/INFO] [LaunchWrapper]: Calling tweak class net.minecraftforge.fml.common.launcher.FMLTweaker
[11:11:53] [main/INFO] [GradleStart]: username: adamtm777@gmail.com
[11:11:53] [main/INFO] [GradleStart]: Extra: []
[11:11:53] [main/INFO] [GradleStart]: Password found, attempting login
[11:11:55] [main/INFO] [GradleStart]: Login Succesful!
[11:11:55] [main/INFO] [GradleStart]: Running with arguments: [--userProperties, [], --assetsDir, /Users/Adam/.gradle/caches/minecraft/assets, --assetIndex, 1.8, --userType, mojang, --accessToken, {REDACTED}, --version, 1.8, --uuid, 3632cbfb4f1c4b20873902a28dc9a674, --username, czechmate777, --tweakClass, net.minecraftforge.fml.common.launcher.FMLTweaker, --tweakClass, net.minecraftforge.gradle.tweakers.CoremodTweaker]
[11:11:55] [main/INFO] [LaunchWrapper]: Loading tweak class name net.minecraftforge.fml.common.launcher.FMLTweaker
[11:11:55] [main/INFO] [LaunchWrapper]: Using primary tweak class name net.minecraftforge.fml.common.launcher.FMLTweaker
[11:11:55] [main/INFO] [LaunchWrapper]: Loading tweak class name net.minecraftforge.gradle.tweakers.CoremodTweaker
[11:11:55] [main/INFO] [LaunchWrapper]: Calling tweak class net.minecraftforge.fml.common.launcher.FMLTweaker
[17:04:02] [main/INFO] [GradleStart]: username: adamtm777@gmail.com
[17:04:02] [main/INFO] [GradleStart]: Extra: []
[17:04:02] [main/INFO] [GradleStart]: Password found, attempting login
[17:04:03] [main/INFO] [GradleStart]: Login Succesful!
[17:04:03] [main/INFO] [GradleStart]: Running with arguments: [--userProperties, [], --assetsDir, /Users/Adam/.gradle/caches/minecraft/assets, --assetIndex, 1.8, --userType, mojang, --accessToken, {REDACTED}, --version, 1.8, --uuid, 3632cbfb4f1c4b20873902a28dc9a674, --username, czechmate777, --tweakClass, net.minecraftforge.fml.common.launcher.FMLTweaker, --tweakClass, net.minecraftforge.gradle.tweakers.CoremodTweaker]
[17:04:03] [main/INFO] [LaunchWrapper]: Loading tweak class name net.minecraftforge.fml.common.launcher.FMLTweaker
[17:04:03] [main/INFO] [LaunchWrapper]: Using primary tweak class name net.minecraftforge.fml.common.launcher.FMLTweaker
[17:04:03] [main/INFO] [LaunchWrapper]: Loading tweak class name net.minecraftforge.gradle.tweakers.CoremodTweaker
[17:04:03] [main/INFO] [LaunchWrapper]: Calling tweak class net.minecraftforge.fml.common.launcher.FMLTweaker
[17:44:40] [main/INFO] [GradleStart]: username: adamtm777@gmail.com
[17:44:40] [main/INFO] [GradleStart]: Extra: []
[17:44:40] [main/INFO] [GradleStart]: Password found, attempting login
[17:44:41] [main/INFO] [GradleStart]: Login Succesful!
[17:44:41] [main/INFO] [GradleStart]: Running with arguments: [--userProperties, [], --assetsDir, /Users/Adam/.gradle/caches/minecraft/assets, --assetIndex, 1.8, --userType, mojang, --accessToken, {REDACTED}, --version, 1.8, --uuid, 3632cbfb4f1c4b20873902a28dc9a674, --username, czechmate777, --tweakClass, net.minecraftforge.fml.common.launcher.FMLTweaker, --tweakClass, net.minecraftforge.gradle.tweakers.CoremodTweaker]
[17:44:42] [main/INFO] [LaunchWrapper]: Loading tweak class name net.minecraftforge.fml.common.launcher.FMLTweaker
[17:44:42] [main/INFO] [LaunchWrapper]: Using primary tweak class name net.minecraftforge.fml.common.launcher.FMLTweaker
[17:44:42] [main/INFO] [LaunchWrapper]: Loading tweak class name net.minecraftforge.gradle.tweakers.CoremodTweaker
[17:44:42] [main/INFO] [LaunchWrapper]: Calling tweak class net.minecraftforge.fml.common.launcher.FMLTweaker
[17:52:40] [main/INFO] [GradleStart]: username: adamtm777@gmail.com
[17:52:40] [main/INFO] [GradleStart]: Extra: []
[17:52:40] [main/INFO] [GradleStart]: Password found, attempting login
[17:52:41] [main/INFO] [GradleStart]: Login Succesful!
[17:52:41] [main/INFO] [GradleStart]: Running with arguments: [--userProperties, [], --assetsDir, /Users/Adam/.gradle/caches/minecraft/assets, --assetIndex, 1.8, --userType, mojang, --accessToken, {REDACTED}, --version, 1.8, --uuid, 3632cbfb4f1c4b20873902a28dc9a674, --username, czechmate777, --tweakClass, net.minecraftforge.fml.common.launcher.FMLTweaker, --tweakClass, net.minecraftforge.gradle.tweakers.CoremodTweaker]
[17:52:41] [main/INFO] [LaunchWrapper]: Loading tweak class name net.minecraftforge.fml.common.launcher.FMLTweaker
[17:52:41] [main/INFO] [LaunchWrapper]: Using primary tweak class name net.minecraftforge.fml.common.launcher.FMLTweaker
[17:52:41] [main/INFO] [LaunchWrapper]: Loading tweak class name net.minecraftforge.gradle.tweakers.CoremodTweaker
[17:52:41] [main/INFO] [LaunchWrapper]: Calling tweak class net.minecraftforge.fml.common.launcher.FMLTweaker
[19:01:57] [main/INFO] [GradleStart]: username: adamtm777@gmail.com
[19:01:57] [main/INFO] [GradleStart]: Extra: []
[19:01:57] [main/INFO] [GradleStart]: Password found, attempting login
[19:01:58] [main/INFO] [GradleStart]: Login Succesful!
[19:01:58] [main/INFO] [GradleStart]: Running with arguments: [--userProperties, [], --assetsDir, /Users/Adam/.gradle/caches/minecraft/assets, --assetIndex, 1.8, --userType, mojang, --accessToken, {REDACTED}, --version, 1.8, --uuid, 3632cbfb4f1c4b20873902a28dc9a674, --username, czechmate777, --tweakClass, net.minecraftforge.fml.common.launcher.FMLTweaker, --tweakClass, net.minecraftforge.gradle.tweakers.CoremodTweaker]
[19:01:58] [main/INFO] [LaunchWrapper]: Loading tweak class name net.minecraftforge.fml.common.launcher.FMLTweaker
[19:01:58] [main/INFO] [LaunchWrapper]: Using primary tweak class name net.minecraftforge.fml.common.launcher.FMLTweaker
[19:01:58] [main/INFO] [LaunchWrapper]: Loading tweak class name net.minecraftforge.gradle.tweakers.CoremodTweaker
[19:01:58] [main/INFO] [LaunchWrapper]: Calling tweak class net.minecraftforge.fml.common.launcher.FMLTweaker
[19:09:55] [main/INFO] [GradleStart]: username: adamtm777@gmail.com
[19:09:55] [main/INFO] [GradleStart]: Extra: []
[19:09:55] [main/INFO] [GradleStart]: Password found, attempting login
[19:09:56] [main/INFO] [GradleStart]: Login Succesful!
[19:09:56] [main/INFO] [GradleStart]: Running with arguments: [--userProperties, [], --assetsDir, /Users/Adam/.gradle/caches/minecraft/assets, --assetIndex, 1.8, --userType, mojang, --accessToken, {REDACTED}, --version, 1.8, --uuid, 3632cbfb4f1c4b20873902a28dc9a674, --username, czechmate777, --tweakClass, net.minecraftforge.fml.common.launcher.FMLTweaker, --tweakClass, net.minecraftforge.gradle.tweakers.CoremodTweaker]
[19:09:56] [main/INFO] [LaunchWrapper]: Loading tweak class name net.minecraftforge.fml.common.launcher.FMLTweaker
[19:09:56] [main/INFO] [LaunchWrapper]: Using primary tweak class name net.minecraftforge.fml.common.launcher.FMLTweaker
[19:09:56] [main/INFO] [LaunchWrapper]: Loading tweak class name net.minecraftforge.gradle.tweakers.CoremodTweaker
[19:09:56] [main/INFO] [LaunchWrapper]: Calling tweak class net.minecraftforge.fml.common.launcher.FMLTweaker
[19:11:07] [main/INFO] [GradleStart]: username: adamtm777@gmail.com
[19:11:07] [main/INFO] [GradleStart]: Extra: []
[19:11:07] [main/INFO] [GradleStart]: Password found, attempting login
[19:11:08] [main/INFO] [GradleStart]: Login Succesful!
[19:11:08] [main/INFO] [GradleStart]: Running with arguments: [--userProperties, [], --assetsDir, /Users/Adam/.gradle/caches/minecraft/assets, --assetIndex, 1.8, --userType, mojang, --accessToken, {REDACTED}, --version, 1.8, --uuid, 3632cbfb4f1c4b20873902a28dc9a674, --username, czechmate777, --tweakClass, net.minecraftforge.fml.common.launcher.FMLTweaker, --tweakClass, net.minecraftforge.gradle.tweakers.CoremodTweaker]
[19:11:08] [main/INFO] [LaunchWrapper]: Loading tweak class name net.minecraftforge.fml.common.launcher.FMLTweaker
[19:11:08] [main/INFO] [LaunchWrapper]: Using primary tweak class name net.minecraftforge.fml.common.launcher.FMLTweaker
[19:11:08] [main/INFO] [LaunchWrapper]: Loading tweak class name net.minecraftforge.gradle.tweakers.CoremodTweaker
[19:11:08] [main/INFO] [LaunchWrapper]: Calling tweak class net.minecraftforge.fml.common.launcher.FMLTweaker
