[19:11:07] [main/INFO]: Logging in with username & password
[19:11:11] [Client thread/INFO]: Setting user: czechmate777
[19:11:15] [Client thread/INFO]: LWJGL Version: 2.9.2
[19:11:18] [Client thread/INFO]: Reloading ResourceManager: Default, FMLFileResourcePack:Forge Mod Loader, FMLFileResourcePack:Minecraft Forge, FMLFileResourcePack:Rope Bridge Mod, FMLFileResourcePack:Example Mod
[19:11:19] [Sound Library Loader/INFO]: Starting up SoundSystem...
[19:11:19] [Thread-9/INFO]: Initializing LWJGL OpenAL
[19:11:19] [Thread-9/INFO]: (The LWJGL binding of OpenAL.  For more information, see http://www.lwjgl.org)
[19:11:19] [Thread-9/INFO]: OpenAL initialized.
[19:11:20] [Sound Library Loader/INFO]: Sound engine started
[19:11:23] [Client thread/INFO]: Created: 512x512 textures-atlas
[19:11:24] [Client thread/INFO]: Reloading ResourceManager: Default, FMLFileResourcePack:Forge Mod Loader, FMLFileResourcePack:Minecraft Forge, FMLFileResourcePack:Rope Bridge Mod, FMLFileResourcePack:Example Mod
[19:11:24] [Client thread/INFO]: SoundSystem shutting down...
[19:11:24] [Client thread/WARN]: Author: Paul Lamb, www.paulscode.com
[19:11:24] [Sound Library Loader/INFO]: Starting up SoundSystem...
[19:11:24] [Thread-11/INFO]: Initializing LWJGL OpenAL
[19:11:24] [Thread-11/INFO]: (The LWJGL binding of OpenAL.  For more information, see http://www.lwjgl.org)
[19:11:24] [Thread-11/INFO]: OpenAL initialized.
[19:11:25] [Sound Library Loader/INFO]: Sound engine started
[19:11:26] [Client thread/INFO]: Created: 512x512 textures-atlas
[19:11:30] [Server thread/INFO]: Starting integrated minecraft server version 1.8
[19:11:30] [Server thread/INFO]: Generating keypair
[19:11:31] [Server thread/INFO]: Preparing start region for level 0
[19:11:33] [Server thread/INFO]: Preparing spawn area: 54%
[19:11:33] [Server thread/INFO]: Changing view distance to 12, from 10
[19:11:35] [Server thread/INFO]: czechmate777[local:E:f52eb52b] logged in with entity id 191 at (-323.41071361238755, 66.31362855210112, 326.78816001871894)
[19:11:35] [Server thread/INFO]: czechmate777 joined the game
[19:11:42] [Server thread/INFO]: Saving and pausing game...
[19:11:42] [Server thread/INFO]: Saving chunks for level 'Test'/Overworld
[19:11:42] [Server thread/INFO]: Saving chunks for level 'Test'/Nether
[19:11:42] [Server thread/INFO]: Saving chunks for level 'Test'/The End
[19:11:43] [Server thread/INFO]: Stopping server
[19:11:43] [Server thread/INFO]: Saving players
[19:11:43] [Server thread/INFO]: Saving worlds
[19:11:43] [Server thread/INFO]: Saving chunks for level 'Test'/Overworld
[19:11:43] [Server thread/INFO]: Saving chunks for level 'Test'/Nether
[19:11:43] [Server thread/INFO]: Saving chunks for level 'Test'/The End
[19:11:45] [Client thread/INFO]: Stopping!
[19:11:45] [Client thread/INFO]: SoundSystem shutting down...
[19:11:45] [Client thread/WARN]: Author: Paul Lamb, www.paulscode.com
